Traceback (most recent call last):
  File "/opt/hostedtoolcache/Python/3.8.12/x64/lib/python3.8/site-packages/jupyter_cache/executors/utils.py", line 51, in single_nb_execution
    executenb(
  File "/opt/hostedtoolcache/Python/3.8.12/x64/lib/python3.8/site-packages/nbclient/client.py", line 1093, in execute
    return NotebookClient(nb=nb, resources=resources, km=km, **kwargs).execute()
  File "/opt/hostedtoolcache/Python/3.8.12/x64/lib/python3.8/site-packages/nbclient/util.py", line 84, in wrapped
    return just_run(coro(*args, **kwargs))
  File "/opt/hostedtoolcache/Python/3.8.12/x64/lib/python3.8/site-packages/nbclient/util.py", line 62, in just_run
    return loop.run_until_complete(coro)
  File "/opt/hostedtoolcache/Python/3.8.12/x64/lib/python3.8/asyncio/base_events.py", line 616, in run_until_complete
    return future.result()
  File "/opt/hostedtoolcache/Python/3.8.12/x64/lib/python3.8/site-packages/nbclient/client.py", line 559, in async_execute
    await self.async_execute_cell(
  File "/opt/hostedtoolcache/Python/3.8.12/x64/lib/python3.8/site-packages/nbclient/client.py", line 854, in async_execute_cell
    self._check_raise_for_error(cell, exec_reply)
  File "/opt/hostedtoolcache/Python/3.8.12/x64/lib/python3.8/site-packages/nbclient/client.py", line 756, in _check_raise_for_error
    raise CellExecutionError.from_cell_and_msg(cell, exec_reply_content)
nbclient.exceptions.CellExecutionError: An error occurred while executing the following cell:
------------------
# change this to the location where you want the data to get downloaded
data_dir = './nilearn_data'
# Now fetch the data
from nilearn import datasets
development_dataset = datasets.fetch_development_fmri(n_subjects=30,
                                                      data_dir=data_dir)
------------------

[0;31m---------------------------------------------------------------------------[0m
[0;31mHTTPError[0m                                 Traceback (most recent call last)
[0;32m/tmp/ipykernel_1913/1641373929.py[0m in [0;36m<module>[0;34m[0m
[1;32m      3[0m [0;31m# Now fetch the data[0m[0;34m[0m[0;34m[0m[0;34m[0m[0m
[1;32m      4[0m [0;32mfrom[0m [0mnilearn[0m [0;32mimport[0m [0mdatasets[0m[0;34m[0m[0;34m[0m[0m
[0;32m----> 5[0;31m development_dataset = datasets.fetch_development_fmri(n_subjects=30,
[0m[1;32m      6[0m                                                       data_dir=data_dir)

[0;32m/opt/hostedtoolcache/Python/3.8.12/x64/lib/python3.8/site-packages/nilearn/datasets/func.py[0m in [0;36mfetch_development_fmri[0;34m(n_subjects, reduce_confounds, data_dir, resume, verbose, age_group)[0m
[1;32m   1765[0m     [0mparticipants[0m [0;34m=[0m [0m_filter_csv_by_n_subjects[0m[0;34m([0m[0mparticipants[0m[0;34m,[0m [0mn_adult[0m[0;34m,[0m [0mn_child[0m[0;34m)[0m[0;34m[0m[0;34m[0m[0m
[1;32m   1766[0m [0;34m[0m[0m
[0;32m-> 1767[0;31m     funcs, regressors = _fetch_development_fmri_functional(participants,
[0m[1;32m   1768[0m                                                            [0mdata_dir[0m[0;34m=[0m[0mdata_dir[0m[0;34m,[0m[0;34m[0m[0;34m[0m[0m
[1;32m   1769[0m                                                            [0murl[0m[0;34m=[0m[0;32mNone[0m[0;34m,[0m[0;34m[0m[0;34m[0m[0m

[0;32m/opt/hostedtoolcache/Python/3.8.12/x64/lib/python3.8/site-packages/nilearn/datasets/func.py[0m in [0;36m_fetch_development_fmri_functional[0;34m(participants, data_dir, url, resume, verbose)[0m
[1;32m   1647[0m         func_file = [(func.format(participant_id, participant_id), func_url,
[1;32m   1648[0m                       {'move': func.format(participant_id)})]
[0;32m-> 1649[0;31m         path_to_func = _fetch_files(data_dir, func_file, resume=resume,
[0m[1;32m   1650[0m                                     verbose=verbose)[0]
[1;32m   1651[0m         [0mfuncs[0m[0;34m.[0m[0mappend[0m[0;34m([0m[0mpath_to_func[0m[0;34m)[0m[0;34m[0m[0;34m[0m[0m

[0;32m/opt/hostedtoolcache/Python/3.8.12/x64/lib/python3.8/site-packages/nilearn/datasets/utils.py[0m in [0;36m_fetch_files[0;34m(data_dir, files, resume, verbose, session)[0m
[1;32m    706[0m         [0;32mwith[0m [0mrequests[0m[0;34m.[0m[0mSession[0m[0;34m([0m[0;34m)[0m [0;32mas[0m [0msession[0m[0;34m:[0m[0;34m[0m[0;34m[0m[0m
[1;32m    707[0m             [0msession[0m[0;34m.[0m[0mmount[0m[0;34m([0m[0;34m"ftp:"[0m[0;34m,[0m [0m_NaiveFTPAdapter[0m[0;34m([0m[0;34m)[0m[0;34m)[0m[0;34m[0m[0;34m[0m[0m
[0;32m--> 708[0;31m             return _fetch_files(
[0m[1;32m    709[0m                 [0mdata_dir[0m[0;34m,[0m [0mfiles[0m[0;34m,[0m [0mresume[0m[0;34m=[0m[0mresume[0m[0;34m,[0m[0;34m[0m[0;34m[0m[0m
[1;32m    710[0m                 verbose=verbose, session=session)

[0;32m/opt/hostedtoolcache/Python/3.8.12/x64/lib/python3.8/site-packages/nilearn/datasets/utils.py[0m in [0;36m_fetch_files[0;34m(data_dir, files, resume, verbose, session)[0m
[1;32m    755[0m             [0mmd5sum[0m [0;34m=[0m [0mopts[0m[0;34m.[0m[0mget[0m[0;34m([0m[0;34m'md5sum'[0m[0;34m,[0m [0;32mNone[0m[0;34m)[0m[0;34m[0m[0;34m[0m[0m
[1;32m    756[0m [0;34m[0m[0m
[0;32m--> 757[0;31m             dl_file = _fetch_file(url, temp_dir, resume=resume,
[0m[1;32m    758[0m                                   [0mverbose[0m[0;34m=[0m[0mverbose[0m[0;34m,[0m [0mmd5sum[0m[0;34m=[0m[0mmd5sum[0m[0;34m,[0m[0;34m[0m[0;34m[0m[0m
[1;32m    759[0m                                   [0musername[0m[0;34m=[0m[0mopts[0m[0;34m.[0m[0mget[0m[0;34m([0m[0;34m'username'[0m[0;34m,[0m [0;32mNone[0m[0;34m)[0m[0;34m,[0m[0;34m[0m[0;34m[0m[0m

[0;32m/opt/hostedtoolcache/Python/3.8.12/x64/lib/python3.8/site-packages/nilearn/datasets/utils.py[0m in [0;36m_fetch_file[0;34m(url, data_dir, resume, overwrite, md5sum, username, password, verbose, session)[0m
[1;32m    600[0m             with session.send(
[1;32m    601[0m                     prepped, stream=True, timeout=_REQUESTS_TIMEOUT) as resp:
[0;32m--> 602[0;31m                 [0mresp[0m[0;34m.[0m[0mraise_for_status[0m[0;34m([0m[0;34m)[0m[0;34m[0m[0;34m[0m[0m
[0m[1;32m    603[0m                 [0;32mwith[0m [0mopen[0m[0;34m([0m[0mtemp_full_name[0m[0;34m,[0m [0;34m"wb"[0m[0;34m)[0m [0;32mas[0m [0mfh[0m[0;34m:[0m[0;34m[0m[0;34m[0m[0m
[1;32m    604[0m                     _chunk_read_(resp, fh, report_hook=(verbose > 0),

[0;32m/opt/hostedtoolcache/Python/3.8.12/x64/lib/python3.8/site-packages/requests/models.py[0m in [0;36mraise_for_status[0;34m(self)[0m
[1;32m    951[0m [0;34m[0m[0m
[1;32m    952[0m         [0;32mif[0m [0mhttp_error_msg[0m[0;34m:[0m[0;34m[0m[0;34m[0m[0m
[0;32m--> 953[0;31m             [0;32mraise[0m [0mHTTPError[0m[0;34m([0m[0mhttp_error_msg[0m[0;34m,[0m [0mresponse[0m[0;34m=[0m[0mself[0m[0;34m)[0m[0;34m[0m[0;34m[0m[0m
[0m[1;32m    954[0m [0;34m[0m[0m
[1;32m    955[0m     [0;32mdef[0m [0mclose[0m[0;34m([0m[0mself[0m[0;34m)[0m[0;34m:[0m[0;34m[0m[0;34m[0m[0m

[0;31mHTTPError[0m: 500 Server Error: Internal Server Error for url: https://files.osf.io/v1/resources/5hju4/providers/osfstorage/5c8ff3952286e80017c41a1b
HTTPError: 500 Server Error: Internal Server Error for url: https://files.osf.io/v1/resources/5hju4/providers/osfstorage/5c8ff3952286e80017c41a1b

